1: U 1: started
2: U 1: taking break
3: U 2: started
4: U 3: started
5: U 3: taking break
6: U 4: started
7: U 2: taking break
8: U 4: taking break
9: U 5: started
10: U 7: started
11: U 5: taking break
12: U 7: taking break
13: U 6: started
14: U 6: taking break
15: U 8: started
16: U 9: started
17: U 8: taking break
18: U 9: taking break
19: U 10: started
20: U 10: taking break
21: Z 1: started
22: Z 2: started
23: Z 3: started
24: Z 4: started
25: Z 5: started
26: Z 6: started
27: Z 7: started
28: Z 8: started
29: Z 9: started
30: Z 10: started
31: U 5: break finished
32: U 5: taking break
33: U 5: break finished
34: U 5: taking break
35: Z 8: entering office for a service 1
36: Z 1: entering office for a service 1
37: Z 5: entering office for a service 1
38: U 2: break finished
39: U 2: serving a service of type 1
40: Z 8: called by office worker
41: U 8: break finished
42: U 8: serving a service of type 1
43: Z 1: called by office worker
44: Z 7: entering office for a service 2
45: Z 2: entering office for a service 2
46: U 2: service finished
47: U 2: serving a service of type 1
48: Z 5: called by office worker
49: Z 1: going home
50: U 7: break finished
51: U 7: serving a service of type 2
52: Z 7: called by office worker
53: Z 8: going home
54: U 5: break finished
55: U 5: serving a service of type 2
56: Z 2: called by office worker
57: U 6: break finished
58: U 6: taking break
59: U 1: break finished
60: U 1: taking break
61: U 9: break finished
62: U 9: taking break
63: Z 10: entering office for a service 1
64: U 3: break finished
65: U 3: serving a service of type 1
66: Z 10: called by office worker
67: U 7: service finished
68: U 7: taking break
69: Z 3: entering office for a service 3
70: U 10: break finished
71: U 10: serving a service of type 3
72: Z 3: called by office worker
73: U 10: service finished
74: U 10: taking break
75: U 4: break finished
76: U 4: taking break
77: Z 9: entering office for a service 1
78: U 5: service finished
79: U 5: serving a service of type 1
80: Z 9: called by office worker
81: Z 10: going home
82: Z 6: entering office for a service 2
83: U 7: break finished
84: U 7: serving a service of type 2
85: Z 6: called by office worker
86: U 9: break finished
87: U 9: taking break
88: Z 5: going home
89: closing
90: Z 4: going home
91: Z 2: going home
92: U 3: service finished
93: U 3: going home
94: U 5: service finished
95: U 5: going home
96: Z 6: going home
97: Z 7: going home
98: U 2: service finished
99: U 2: going home
100: U 9: break finished
101: U 9: going home
102: U 8: service finished
103: U 8: going home
104: U 4: break finished
105: U 4: going home
106: U 6: break finished
107: U 6: going home
108: Z 9: going home
109: U 10: break finished
110: U 10: going home
111: Z 3: going home
112: U 7: service finished
113: U 7: going home
114: U 1: break finished
115: U 1: going home
